<?xml version="1.0" encoding="UTF-8"?>
<!-- Generated by org.testng.reporters.JUnitXMLReporter -->
<testsuite ignored="0" hostname="LAPTOP-UILFKUPE" failures="0" tests="3" name="Submit Order Test" time="32.492" errors="0" timestamp="2022-11-15T12:21:45 GMT-06:00">
  <testcase classname="Hexaware.tests.SubmitOrderTest" name="submitOrder" time="4.914"/>
  <testcase classname="Hexaware.tests.SubmitOrderTest" name="submitOrder" time="4.937"/>
  <testcase classname="Hexaware.tests.SubmitOrderTest" name="OrderHistoryTest" time="1.345"/>
</testsuite> <!-- Submit Order Test -->
