<?xml version="1.0" encoding="UTF-8"?>
<!-- Generated by org.testng.reporters.JUnitXMLReporter -->
<testsuite ignored="0" hostname="LAPTOP-UILFKUPE" failures="0" tests="2" name="Error Validations Test" time="23.164" errors="0" timestamp="2022-12-12T19:00:27 GMT-06:00">
  <testcase classname="Hexaware.tests.ErrorValidationsTest" name="LoginErrorValidation" time="0.904"/>
  <testcase classname="Hexaware.tests.ErrorValidationsTest" name="ProductErrorValidation" time="3.457"/>
</testsuite> <!-- Error Validations Test -->
