<?xml version="1.0" encoding="UTF-8"?>
<!-- Generated by org.testng.reporters.JUnitXMLReporter -->
<testsuite ignored="0" hostname="LAPTOP-UILFKUPE" failures="0" tests="3" name="Submit Order Test" time="36.445" errors="0" timestamp="2022-12-12T19:00:40 GMT-06:00">
  <testcase classname="Hexaware.tests.SubmitOrderTest" name="submitOrder" time="4.601"/>
  <testcase classname="Hexaware.tests.SubmitOrderTest" name="submitOrder" time="4.445"/>
  <testcase classname="Hexaware.tests.SubmitOrderTest" name="OrderHistoryTest" time="1.267"/>
</testsuite> <!-- Submit Order Test -->
